<?xml version="1.0" encoding="UTF-8"?>
<testsuite name="com.limac.diffservice.rest.exceptionhandler.ControllerExceptionHandlerSpec" tests="4" skipped="0" failures="0" errors="0" timestamp="2021-03-06T10:53:38" hostname="codespaces_dcaf8a" time="0.912">
  <properties/>
  <testcase name="exception handler should handle the MethodArgumentNotValidException and send the ErrorResponseDto with the error message" classname="com.limac.diffservice.rest.exceptionhandler.ControllerExceptionHandlerSpec" time="0.889"/>
  <testcase name="exception handler should handle the NotFoundException and send the ErrorResponseDto with the error message" classname="com.limac.diffservice.rest.exceptionhandler.ControllerExceptionHandlerSpec" time="0.004"/>
  <testcase name="exception handler should handle the HttpMediaTypeNotSupportedException and send the ErrorResponseDto with the error message" classname="com.limac.diffservice.rest.exceptionhandler.ControllerExceptionHandlerSpec" time="0.012"/>
  <testcase name="exception handler should handle the MissingInputException and send the ErrorResponseDto with the error message" classname="com.limac.diffservice.rest.exceptionhandler.ControllerExceptionHandlerSpec" time="0.005"/>
  <system-out><![CDATA[10:53:38.128 [Test worker] INFO com.athaydes.spockframework.report.SpockReportExtension - Got configuration from Spock: com.athaydes.spockframework.report.internal.SpockReportsConfiguration([:])
10:53:38.176 [Test worker] DEBUG com.athaydes.spockframework.report.SpockReportExtension - Configuring com.athaydes.spockframework.report.SpockReportExtension
10:53:38.244 [Test worker] DEBUG com.athaydes.spockframework.report.internal.ConfigLoader - Trying to load custom configuration at file:/home/codespace/workspace/lima_caio-diff-service/build/resources/test/META-INF/services/com.athaydes.spockframework.report.IReportCreator.properties
10:53:38.282 [Test worker] INFO com.athaydes.spockframework.report.internal.ConfigLoader - SpockReports config loaded: {com.athaydes.spockframework.report.aggregatedJsonReportDir=, com.athaydes.spockframework.report.showCodeBlocks=false, com.athaydes.spockframework.report.template.TemplateReportCreator.reportFileExtension=md, com.athaydes.spockframework.report.testSourceRoots=src/test/groovy, com.athaydes.spockframework.report.IReportCreator=com.athaydes.spockframework.report.internal.HtmlReportCreator, com.athaydes.spockframework.report.outputDir=build/reports/spock, com.athaydes.spockframework.report.internal.HtmlReportCreator.inlineCss=true, com.athaydes.spockframework.report.internal.HtmlReportCreator.featureReportCss=spock-feature-report.css, com.athaydes.spockframework.report.hideEmptyBlocks=false, com.athaydes.spockframework.report.internal.HtmlReportCreator.summaryReportCss=spock-summary-report.css, com.athaydes.spockframework.report.projectVersion=Unknown, com.athaydes.spockframework.report.template.TemplateReportCreator.specTemplateFile=/templateReportCreator/spec-template.md, com.athaydes.spockframework.report.internal.HtmlReportCreator.specSummaryNameOption=class_name_and_title, com.athaydes.spockframework.report.template.TemplateReportCreator.summaryTemplateFile=/templateReportCreator/summary-template.md, com.athaydes.spockframework.report.internal.HtmlReportCreator.excludeToc=false, com.athaydes.spockframework.report.template.TemplateReportCreator.enabled=true, com.athaydes.spockframework.report.projectName=, com.athaydes.spockframework.report.template.TemplateReportCreator.summaryFileName=summary.md, com.athaydes.spockframework.report.internal.HtmlReportCreator.printThrowableStackTrace=false, com.athaydes.spockframework.report.internal.HtmlReportCreator.enabled=true}
10:53:38.523 [Test worker] DEBUG com.athaydes.spockframework.report.internal.ConfigLoader - Property aggregatedJsonReportDir set to 
10:53:38.536 [Test worker] DEBUG com.athaydes.spockframework.report.internal.ConfigLoader - Property showCodeBlocks set to false
10:53:38.537 [Test worker] DEBUG com.athaydes.spockframework.report.internal.ConfigLoader - Ignoring property 'reportFileExtension' for IReportCreator of incompatible type com.athaydes.spockframework.report.internal.HtmlReportCreator
10:53:38.538 [Test worker] DEBUG com.athaydes.spockframework.report.internal.ConfigLoader - Property testSourceRoots set to src/test/groovy
10:53:38.538 [Test worker] DEBUG com.athaydes.spockframework.report.internal.ConfigLoader - Property outputDir set to build/reports/spock
10:53:38.539 [Test worker] DEBUG com.athaydes.spockframework.report.internal.ConfigLoader - Property inlineCss set to true
10:53:38.540 [Test worker] DEBUG com.athaydes.spockframework.report.internal.ConfigLoader - Property featureReportCss set to spock-feature-report.css
10:53:38.540 [Test worker] DEBUG com.athaydes.spockframework.report.internal.ConfigLoader - Property hideEmptyBlocks set to false
10:53:38.541 [Test worker] DEBUG com.athaydes.spockframework.report.internal.ConfigLoader - Property summaryReportCss set to spock-summary-report.css
10:53:38.541 [Test worker] DEBUG com.athaydes.spockframework.report.internal.ConfigLoader - Property projectVersion set to Unknown
10:53:38.541 [Test worker] DEBUG com.athaydes.spockframework.report.internal.ConfigLoader - Ignoring property 'specTemplateFile' for IReportCreator of incompatible type com.athaydes.spockframework.report.internal.HtmlReportCreator
10:53:38.545 [Test worker] DEBUG com.athaydes.spockframework.report.internal.ConfigLoader - Property specSummaryNameOption set to class_name_and_title
10:53:38.545 [Test worker] DEBUG com.athaydes.spockframework.report.internal.ConfigLoader - Ignoring property 'summaryTemplateFile' for IReportCreator of incompatible type com.athaydes.spockframework.report.internal.HtmlReportCreator
10:53:38.545 [Test worker] DEBUG com.athaydes.spockframework.report.internal.ConfigLoader - Property excludeToc set to false
10:53:38.546 [Test worker] DEBUG com.athaydes.spockframework.report.internal.ConfigLoader - Ignoring property 'enabled' for IReportCreator of incompatible type com.athaydes.spockframework.report.internal.HtmlReportCreator
10:53:38.547 [Test worker] DEBUG com.athaydes.spockframework.report.internal.ConfigLoader - Property projectName set to 
10:53:38.547 [Test worker] DEBUG com.athaydes.spockframework.report.internal.ConfigLoader - Ignoring property 'summaryFileName' for IReportCreator of incompatible type com.athaydes.spockframework.report.internal.HtmlReportCreator
10:53:38.548 [Test worker] DEBUG com.athaydes.spockframework.report.internal.ConfigLoader - Property printThrowableStackTrace set to false
10:53:38.548 [Test worker] DEBUG com.athaydes.spockframework.report.internal.ConfigLoader - Property enabled set to true
10:53:38.621 [Test worker] DEBUG com.athaydes.spockframework.report.SpecInfoListener - Before spec: com.limac.diffservice.rest.exceptionhandler.ControllerExceptionHandlerSpec
10:53:38.625 [Test worker] DEBUG com.athaydes.spockframework.report.SpecInfoListener - Before feature: exception handler should handle the MethodArgumentNotValidException and send the ErrorResponseDto with the error message
10:53:38.642 [Test worker] DEBUG com.athaydes.spockframework.report.SpecInfoListener - Before iteration: exception handler should handle the MethodArgumentNotValidException and send the ErrorResponseDto with the error message
10:53:39.455 [Test worker] ERROR com.limac.diffservice.rest.exceptionhandler.ControllerExceptionHandler - exception=MethodArgumentNotValidException was caught with errorMessage=field1 must be valid, field2 must be valid
10:53:39.501 [Test worker] DEBUG com.athaydes.spockframework.report.SpecInfoListener - After iteration: exception handler should handle the MethodArgumentNotValidException and send the ErrorResponseDto with the error message
10:53:39.519 [Test worker] DEBUG com.athaydes.spockframework.report.SpecInfoListener - After feature: exception handler should handle the MethodArgumentNotValidException and send the ErrorResponseDto with the error message
10:53:39.520 [Test worker] DEBUG com.athaydes.spockframework.report.SpecInfoListener - Before feature: exception handler should handle the NotFoundException and send the ErrorResponseDto with the error message
10:53:39.521 [Test worker] DEBUG com.athaydes.spockframework.report.SpecInfoListener - Before iteration: exception handler should handle the NotFoundException and send the ErrorResponseDto with the error message
10:53:39.524 [Test worker] ERROR com.limac.diffservice.rest.exceptionhandler.ControllerExceptionHandler - exception=NotFoundException was caught with errorMessage=could not find diffId
10:53:39.525 [Test worker] DEBUG com.athaydes.spockframework.report.SpecInfoListener - After iteration: exception handler should handle the NotFoundException and send the ErrorResponseDto with the error message
10:53:39.525 [Test worker] DEBUG com.athaydes.spockframework.report.SpecInfoListener - After feature: exception handler should handle the NotFoundException and send the ErrorResponseDto with the error message
10:53:39.525 [Test worker] DEBUG com.athaydes.spockframework.report.SpecInfoListener - Before feature: exception handler should handle the HttpMediaTypeNotSupportedException and send the ErrorResponseDto with the error message
10:53:39.526 [Test worker] DEBUG com.athaydes.spockframework.report.SpecInfoListener - Before iteration: exception handler should handle the HttpMediaTypeNotSupportedException and send the ErrorResponseDto with the error message
10:53:39.536 [Test worker] ERROR com.limac.diffservice.rest.exceptionhandler.ControllerExceptionHandler - exception=HttpMediaTypeNotSupportedException was caught with errorMessage=Content type 'application/xml' not supported
10:53:39.537 [Test worker] DEBUG com.athaydes.spockframework.report.SpecInfoListener - After iteration: exception handler should handle the HttpMediaTypeNotSupportedException and send the ErrorResponseDto with the error message
10:53:39.537 [Test worker] DEBUG com.athaydes.spockframework.report.SpecInfoListener - After feature: exception handler should handle the HttpMediaTypeNotSupportedException and send the ErrorResponseDto with the error message
10:53:39.538 [Test worker] DEBUG com.athaydes.spockframework.report.SpecInfoListener - Before feature: exception handler should handle the MissingInputException and send the ErrorResponseDto with the error message
10:53:39.539 [Test worker] DEBUG com.athaydes.spockframework.report.SpecInfoListener - Before iteration: exception handler should handle the MissingInputException and send the ErrorResponseDto with the error message
10:53:39.542 [Test worker] ERROR com.limac.diffservice.rest.exceptionhandler.ControllerExceptionHandler - exception=MissingInputException was caught with errorMessage=errorMessage
10:53:39.542 [Test worker] DEBUG com.athaydes.spockframework.report.SpecInfoListener - After iteration: exception handler should handle the MissingInputException and send the ErrorResponseDto with the error message
10:53:39.543 [Test worker] DEBUG com.athaydes.spockframework.report.SpecInfoListener - After feature: exception handler should handle the MissingInputException and send the ErrorResponseDto with the error message
10:53:39.545 [Test worker] DEBUG com.athaydes.spockframework.report.SpecInfoListener - After spec: com.limac.diffservice.rest.exceptionhandler.ControllerExceptionHandlerSpec
10:53:39.584 [Test worker] DEBUG com.athaydes.spockframework.report.internal.CssResource - Getting classpath resource text: spock-feature-report.css
10:53:39.589 [Test worker] DEBUG com.athaydes.spockframework.report.internal.CssResource - Found css resource (2987 characters long)
10:53:39.591 [Test worker] DEBUG com.athaydes.spockframework.report.internal.CssResource - Inlining css in HTML report
]]></system-out>
  <system-err><![CDATA[]]></system-err>
</testsuite>
